mode: set
GoDocker/handlers/basicHandlers.go:13.37,14.15 1 1
GoDocker/handlers/basicHandlers.go:14.15,16.3 1 1
GoDocker/handlers/basicHandlers.go:18.2,19.13 2 1
GoDocker/handlers/basicHandlers.go:23.38,24.15 1 1
GoDocker/handlers/basicHandlers.go:24.15,26.3 1 1
GoDocker/handlers/basicHandlers.go:27.2,27.16 1 1
GoDocker/handlers/basicHandlers.go:27.16,29.3 1 1
GoDocker/handlers/basicHandlers.go:31.2,32.51 2 1
GoDocker/handlers/basicHandlers.go:36.69,38.22 2 1
GoDocker/handlers/basicHandlers.go:38.22,47.3 1 1
GoDocker/handlers/basicHandlers.go:49.2,51.14 3 1
GoDocker/handlers/basicHandlers.go:51.14,60.3 1 1
GoDocker/handlers/basicHandlers.go:62.2,62.12 1 1
GoDocker/handlers/basicHandlers.go:62.12,71.3 1 1
GoDocker/handlers/basicHandlers.go:73.2,75.12 2 1
GoDocker/handlers/basicHandlers.go:75.12,77.3 1 1
GoDocker/handlers/basicHandlers.go:78.2,78.12 1 1
GoDocker/handlers/basicHandlers.go:78.12,80.3 1 1
GoDocker/handlers/basicHandlers.go:82.2,82.25 1 1
GoDocker/handlers/basicHandlers.go:82.25,84.3 1 1
GoDocker/handlers/basicHandlers.go:86.2,95.3 2 1
GoDocker/handlers/basicHandlers.go:99.70,104.40 4 1
GoDocker/handlers/basicHandlers.go:104.40,113.3 1 0
GoDocker/handlers/basicHandlers.go:115.2,116.30 2 1
GoDocker/handlers/basicHandlers.go:116.30,125.3 1 1
GoDocker/handlers/basicHandlers.go:128.2,129.16 2 1
GoDocker/handlers/basicHandlers.go:129.16,138.3 1 1
GoDocker/handlers/basicHandlers.go:139.2,141.30 2 1
GoDocker/handlers/basicHandlers.go:141.30,143.17 2 1
GoDocker/handlers/basicHandlers.go:143.17,152.4 1 0
GoDocker/handlers/basicHandlers.go:155.2,162.3 1 1
GoDocker/handlers/basicHandlers.go:166.70,168.27 2 1
GoDocker/handlers/basicHandlers.go:168.27,177.3 1 1
GoDocker/handlers/basicHandlers.go:179.2,180.16 2 1
GoDocker/handlers/basicHandlers.go:180.16,189.3 1 0
GoDocker/handlers/basicHandlers.go:191.2,198.3 1 1
GoDocker/handlers/basicHandlers.go:202.67,204.13 2 1
GoDocker/handlers/basicHandlers.go:204.13,213.3 1 1
GoDocker/handlers/basicHandlers.go:215.2,216.54 2 1
GoDocker/handlers/basicHandlers.go:216.54,218.3 1 1
GoDocker/handlers/basicHandlers.go:219.2,228.3 2 1
GoDocker/handlers/basicHandlers.go:232.67,234.13 2 1
GoDocker/handlers/basicHandlers.go:234.13,243.3 1 1
GoDocker/handlers/basicHandlers.go:245.2,255.3 3 1
GoDocker/handlers/basicHandlers.go:259.72,262.22 3 1
GoDocker/handlers/basicHandlers.go:262.22,271.3 1 1
GoDocker/handlers/basicHandlers.go:274.2,275.16 2 1
GoDocker/handlers/basicHandlers.go:275.16,284.3 1 1
GoDocker/handlers/basicHandlers.go:286.2,287.16 2 1
GoDocker/handlers/basicHandlers.go:287.16,296.3 1 1
GoDocker/handlers/basicHandlers.go:299.2,300.24 2 1
GoDocker/handlers/basicHandlers.go:300.24,309.3 1 0
GoDocker/handlers/basicHandlers.go:312.2,332.3 4 1
GoDocker/handlers/basicHandlers.go:336.64,338.13 2 1
GoDocker/handlers/basicHandlers.go:338.13,347.3 1 1
GoDocker/handlers/basicHandlers.go:350.2,351.36 2 1
GoDocker/handlers/basicHandlers.go:351.36,353.3 1 1
GoDocker/handlers/basicHandlers.go:355.2,369.3 3 1
GoDocker/handlers/basicHandlers.go:373.68,376.27 3 1
GoDocker/handlers/basicHandlers.go:376.27,385.3 1 0
GoDocker/handlers/basicHandlers.go:387.2,388.47 2 1
GoDocker/handlers/basicHandlers.go:388.47,397.3 1 1
GoDocker/handlers/basicHandlers.go:399.2,404.45 4 1
GoDocker/handlers/basicHandlers.go:404.45,405.29 1 1
GoDocker/handlers/basicHandlers.go:405.29,408.4 2 1
GoDocker/handlers/basicHandlers.go:411.2,428.3 4 1
GoDocker/handlers/basicHandlers.go:432.65,434.16 2 1
GoDocker/handlers/basicHandlers.go:434.16,443.3 1 0
GoDocker/handlers/basicHandlers.go:445.2,446.47 2 1
GoDocker/handlers/basicHandlers.go:446.47,455.3 1 1
GoDocker/handlers/basicHandlers.go:457.2,462.45 4 1
GoDocker/handlers/basicHandlers.go:462.45,464.29 1 1
GoDocker/handlers/basicHandlers.go:464.29,468.4 2 1
GoDocker/handlers/basicHandlers.go:471.2,491.3 4 1
GoDocker/handlers/basicHandlers.go:495.68,498.26 3 1
GoDocker/handlers/basicHandlers.go:498.26,507.3 1 0
GoDocker/handlers/basicHandlers.go:509.2,510.44 2 1
GoDocker/handlers/basicHandlers.go:510.44,519.3 1 1
GoDocker/handlers/basicHandlers.go:521.2,522.49 2 1
GoDocker/handlers/basicHandlers.go:522.49,531.3 1 1
GoDocker/handlers/basicHandlers.go:533.2,537.45 3 1
GoDocker/handlers/basicHandlers.go:537.45,539.29 1 1
GoDocker/handlers/basicHandlers.go:539.29,542.4 2 1
GoDocker/handlers/basicHandlers.go:545.3,545.18 1 1
GoDocker/handlers/basicHandlers.go:545.18,548.45 3 1
GoDocker/handlers/basicHandlers.go:548.45,550.5 1 1
GoDocker/handlers/basicHandlers.go:554.2,574.3 4 1
GoDocker/handlers/basicHandlers.go:578.64,604.2 2 1
GoDocker/handlers/cpuBoundHandlers.go:13.67,15.25 2 1
GoDocker/handlers/cpuBoundHandlers.go:15.25,24.3 1 1
GoDocker/handlers/cpuBoundHandlers.go:26.2,27.27 2 1
GoDocker/handlers/cpuBoundHandlers.go:27.27,36.3 1 1
GoDocker/handlers/cpuBoundHandlers.go:38.2,39.30 2 1
GoDocker/handlers/cpuBoundHandlers.go:39.30,40.17 1 1
GoDocker/handlers/cpuBoundHandlers.go:40.17,42.9 2 1
GoDocker/handlers/cpuBoundHandlers.go:46.2,59.3 3 1
GoDocker/handlers/cpuBoundHandlers.go:63.66,65.25 2 1
GoDocker/handlers/cpuBoundHandlers.go:65.25,74.3 1 0
GoDocker/handlers/cpuBoundHandlers.go:76.2,77.27 2 1
GoDocker/handlers/cpuBoundHandlers.go:77.27,86.3 1 1
GoDocker/handlers/cpuBoundHandlers.go:88.2,89.28 2 1
GoDocker/handlers/cpuBoundHandlers.go:89.28,90.17 1 1
GoDocker/handlers/cpuBoundHandlers.go:90.17,92.4 1 1
GoDocker/handlers/cpuBoundHandlers.go:95.2,108.3 3 1
GoDocker/handlers/cpuBoundHandlers.go:112.41,140.2 15 1
GoDocker/handlers/cpuBoundHandlers.go:143.64,167.29 15 1
GoDocker/handlers/cpuBoundHandlers.go:167.29,176.15 6 1
GoDocker/handlers/cpuBoundHandlers.go:176.15,178.4 1 1
GoDocker/handlers/cpuBoundHandlers.go:178.9,180.4 1 1
GoDocker/handlers/cpuBoundHandlers.go:183.3,184.13 2 1
GoDocker/handlers/cpuBoundHandlers.go:187.2,187.15 1 1
GoDocker/handlers/cpuBoundHandlers.go:191.62,193.25 2 1
GoDocker/handlers/cpuBoundHandlers.go:193.25,202.3 1 0
GoDocker/handlers/cpuBoundHandlers.go:204.2,205.41 2 1
GoDocker/handlers/cpuBoundHandlers.go:205.41,214.3 1 1
GoDocker/handlers/cpuBoundHandlers.go:217.2,233.3 4 1
GoDocker/handlers/cpuBoundHandlers.go:237.70,242.41 4 1
GoDocker/handlers/cpuBoundHandlers.go:242.41,251.3 1 1
GoDocker/handlers/cpuBoundHandlers.go:253.2,254.45 2 1
GoDocker/handlers/cpuBoundHandlers.go:254.45,263.3 1 1
GoDocker/handlers/cpuBoundHandlers.go:265.2,266.47 2 1
GoDocker/handlers/cpuBoundHandlers.go:266.47,275.3 1 1
GoDocker/handlers/cpuBoundHandlers.go:277.2,278.49 2 1
GoDocker/handlers/cpuBoundHandlers.go:278.49,287.3 1 1
GoDocker/handlers/cpuBoundHandlers.go:290.2,309.20 4 1
GoDocker/handlers/cpuBoundHandlers.go:309.20,311.17 2 1
GoDocker/handlers/cpuBoundHandlers.go:311.17,313.4 1 0
GoDocker/handlers/cpuBoundHandlers.go:313.9,316.4 2 1
GoDocker/handlers/cpuBoundHandlers.go:319.2,328.3 2 1
GoDocker/handlers/cpuBoundHandlers.go:332.69,336.24 3 1
GoDocker/handlers/cpuBoundHandlers.go:336.24,345.3 1 1
GoDocker/handlers/cpuBoundHandlers.go:347.2,348.28 2 1
GoDocker/handlers/cpuBoundHandlers.go:348.28,357.3 1 1
GoDocker/handlers/cpuBoundHandlers.go:359.2,360.16 2 1
GoDocker/handlers/cpuBoundHandlers.go:360.16,369.3 1 1
GoDocker/handlers/cpuBoundHandlers.go:371.2,374.24 4 1
GoDocker/handlers/cpuBoundHandlers.go:374.24,376.3 1 1
GoDocker/handlers/cpuBoundHandlers.go:378.2,378.28 1 1
GoDocker/handlers/cpuBoundHandlers.go:378.28,379.29 1 1
GoDocker/handlers/cpuBoundHandlers.go:379.29,381.30 2 1
GoDocker/handlers/cpuBoundHandlers.go:381.30,383.5 1 1
GoDocker/handlers/cpuBoundHandlers.go:384.4,384.22 1 1
GoDocker/handlers/cpuBoundHandlers.go:389.2,405.3 3 1
GoDocker/handlers/cpuBoundHandlers.go:408.51,411.28 2 1
GoDocker/handlers/cpuBoundHandlers.go:411.28,413.29 2 1
GoDocker/handlers/cpuBoundHandlers.go:413.29,415.4 1 1
GoDocker/handlers/cpuBoundHandlers.go:418.2,418.15 1 1
GoDocker/handlers/cpuBoundHandlers.go:422.64,424.28 2 1
GoDocker/handlers/cpuBoundHandlers.go:424.28,426.3 1 1
GoDocker/handlers/cpuBoundHandlers.go:430.2,433.33 3 1
GoDocker/handlers/cpuBoundHandlers.go:433.33,434.33 1 1
GoDocker/handlers/cpuBoundHandlers.go:434.33,441.4 3 1
GoDocker/handlers/cpuBoundHandlers.go:444.2,444.19 1 1
GoDocker/handlers/cpuBoundHandlers.go:448.58,451.40 2 1
GoDocker/handlers/cpuBoundHandlers.go:451.40,456.44 2 1
GoDocker/handlers/cpuBoundHandlers.go:456.44,458.4 1 1
GoDocker/handlers/cpuBoundHandlers.go:462.2,462.16 1 1
GoDocker/handlers/cpuBoundHandlers.go:466.95,468.16 2 1
GoDocker/handlers/cpuBoundHandlers.go:468.16,470.3 1 0
GoDocker/handlers/cpuBoundHandlers.go:471.2,480.30 6 1
GoDocker/handlers/cpuBoundHandlers.go:480.30,481.30 1 1
GoDocker/handlers/cpuBoundHandlers.go:481.30,484.35 2 1
GoDocker/handlers/cpuBoundHandlers.go:484.35,486.5 1 1
GoDocker/handlers/cpuBoundHandlers.go:486.10,489.5 1 1
GoDocker/handlers/cpuBoundHandlers.go:491.4,491.39 1 1
GoDocker/handlers/cpuBoundHandlers.go:493.3,493.26 1 1
GoDocker/handlers/cpuBoundHandlers.go:496.2,496.12 1 1
GoDocker/handlers/handlers.go:16.42,18.2 1 1
GoDocker/handlers/handlers.go:21.65,42.2 2 1
GoDocker/handlers/handlers.go:45.59,46.60 1 0
GoDocker/handlers/handlers.go:46.60,62.3 3 0
GoDocker/handlers/handlers.go:66.60,67.60 1 1
GoDocker/handlers/handlers.go:67.60,71.17 3 1
GoDocker/handlers/handlers.go:71.17,80.4 1 0
GoDocker/handlers/handlers.go:82.3,89.4 1 1
GoDocker/handlers/handlers.go:94.64,108.38 2 1
GoDocker/handlers/handlers.go:108.38,110.3 1 1
GoDocker/handlers/handlers.go:112.2,114.20 2 1
GoDocker/handlers/handlers.go:114.20,116.3 1 1
GoDocker/handlers/handlers.go:118.2,127.3 2 1
GoDocker/handlers/handlers.go:131.64,140.2 1 1
GoDocker/handlers/handlers.go:143.67,151.2 1 1
GoDocker/handlers/handlers.go:154.64,173.2 4 1
GoDocker/handlers/ioboundHandlers.go:21.33,22.19 1 1
GoDocker/handlers/ioboundHandlers.go:22.19,24.3 1 1
GoDocker/handlers/ioboundHandlers.go:26.2,30.27 4 1
GoDocker/handlers/ioboundHandlers.go:34.37,38.38 3 1
GoDocker/handlers/ioboundHandlers.go:38.38,39.26 1 1
GoDocker/handlers/ioboundHandlers.go:39.26,42.4 2 1
GoDocker/handlers/ioboundHandlers.go:42.9,45.4 2 1
GoDocker/handlers/ioboundHandlers.go:49.2,52.15 3 1
GoDocker/handlers/ioboundHandlers.go:56.27,57.18 1 1
GoDocker/handlers/ioboundHandlers.go:57.18,59.3 1 1
GoDocker/handlers/ioboundHandlers.go:60.2,60.37 1 1
GoDocker/handlers/ioboundHandlers.go:64.48,65.16 1 1
GoDocker/handlers/ioboundHandlers.go:65.16,69.3 3 1
GoDocker/handlers/ioboundHandlers.go:73.46,77.30 3 1
GoDocker/handlers/ioboundHandlers.go:77.30,78.21 1 1
GoDocker/handlers/ioboundHandlers.go:78.21,81.4 2 1
GoDocker/handlers/ioboundHandlers.go:84.2,85.14 2 1
GoDocker/handlers/ioboundHandlers.go:90.68,93.20 3 1
GoDocker/handlers/ioboundHandlers.go:93.20,95.3 1 1
GoDocker/handlers/ioboundHandlers.go:97.2,100.16 4 1
GoDocker/handlers/ioboundHandlers.go:100.16,102.3 1 1
GoDocker/handlers/ioboundHandlers.go:103.2,112.21 6 1
GoDocker/handlers/ioboundHandlers.go:112.21,114.17 2 1
GoDocker/handlers/ioboundHandlers.go:114.17,115.12 1 0
GoDocker/handlers/ioboundHandlers.go:117.3,118.17 2 1
GoDocker/handlers/ioboundHandlers.go:118.17,120.12 1 0
GoDocker/handlers/ioboundHandlers.go:122.3,122.25 1 1
GoDocker/handlers/ioboundHandlers.go:124.2,124.38 1 1
GoDocker/handlers/ioboundHandlers.go:124.38,126.3 1 0
GoDocker/handlers/ioboundHandlers.go:129.2,129.21 1 1
GoDocker/handlers/ioboundHandlers.go:129.21,131.3 1 1
GoDocker/handlers/ioboundHandlers.go:131.8,131.28 1 1
GoDocker/handlers/ioboundHandlers.go:131.28,133.3 1 1
GoDocker/handlers/ioboundHandlers.go:133.8,136.3 1 1
GoDocker/handlers/ioboundHandlers.go:138.2,140.16 3 1
GoDocker/handlers/ioboundHandlers.go:140.16,142.3 1 0
GoDocker/handlers/ioboundHandlers.go:143.2,146.25 3 1
GoDocker/handlers/ioboundHandlers.go:146.25,148.3 1 1
GoDocker/handlers/ioboundHandlers.go:149.2,154.148 5 1
GoDocker/handlers/ioboundHandlers.go:158.69,160.20 2 1
GoDocker/handlers/ioboundHandlers.go:160.20,162.3 1 1
GoDocker/handlers/ioboundHandlers.go:163.2,165.16 3 1
GoDocker/handlers/ioboundHandlers.go:165.16,167.3 1 1
GoDocker/handlers/ioboundHandlers.go:168.2,174.6 6 1
GoDocker/handlers/ioboundHandlers.go:174.6,176.12 2 1
GoDocker/handlers/ioboundHandlers.go:176.12,178.27 2 1
GoDocker/handlers/ioboundHandlers.go:178.27,180.18 2 1
GoDocker/handlers/ioboundHandlers.go:180.18,182.6 1 1
GoDocker/handlers/ioboundHandlers.go:183.5,183.56 1 1
GoDocker/handlers/ioboundHandlers.go:183.56,184.16 1 1
GoDocker/handlers/ioboundHandlers.go:184.16,187.7 2 1
GoDocker/handlers/ioboundHandlers.go:188.11,190.6 1 1
GoDocker/handlers/ioboundHandlers.go:193.3,193.20 1 1
GoDocker/handlers/ioboundHandlers.go:193.20,194.9 1 1
GoDocker/handlers/ioboundHandlers.go:196.3,196.17 1 1
GoDocker/handlers/ioboundHandlers.go:196.17,198.4 1 0
GoDocker/handlers/ioboundHandlers.go:200.2,200.12 1 1
GoDocker/handlers/ioboundHandlers.go:200.12,202.3 1 0
GoDocker/handlers/ioboundHandlers.go:204.2,206.148 3 1
GoDocker/handlers/ioboundHandlers.go:210.64,213.37 3 1
GoDocker/handlers/ioboundHandlers.go:213.37,215.3 1 1
GoDocker/handlers/ioboundHandlers.go:216.2,217.16 2 1
GoDocker/handlers/ioboundHandlers.go:217.16,219.3 1 1
GoDocker/handlers/ioboundHandlers.go:221.2,223.16 3 1
GoDocker/handlers/ioboundHandlers.go:223.16,225.3 1 1
GoDocker/handlers/ioboundHandlers.go:226.2,234.21 7 1
GoDocker/handlers/ioboundHandlers.go:234.21,236.27 2 1
GoDocker/handlers/ioboundHandlers.go:236.27,238.28 2 1
GoDocker/handlers/ioboundHandlers.go:238.28,240.5 1 1
GoDocker/handlers/ioboundHandlers.go:243.2,243.38 1 1
GoDocker/handlers/ioboundHandlers.go:243.38,245.3 1 0
GoDocker/handlers/ioboundHandlers.go:247.2,249.148 3 1
GoDocker/handlers/ioboundHandlers.go:253.68,256.35 3 1
GoDocker/handlers/ioboundHandlers.go:256.35,258.3 1 1
GoDocker/handlers/ioboundHandlers.go:259.2,260.21 2 1
GoDocker/handlers/ioboundHandlers.go:260.21,262.17 2 1
GoDocker/handlers/ioboundHandlers.go:262.17,264.4 1 1
GoDocker/handlers/ioboundHandlers.go:265.3,268.17 4 1
GoDocker/handlers/ioboundHandlers.go:268.17,270.4 1 0
GoDocker/handlers/ioboundHandlers.go:271.3,272.44 2 1
GoDocker/handlers/ioboundHandlers.go:272.44,276.4 3 0
GoDocker/handlers/ioboundHandlers.go:277.3,282.149 6 1
GoDocker/handlers/ioboundHandlers.go:283.8,283.26 1 1
GoDocker/handlers/ioboundHandlers.go:283.26,288.17 4 0
GoDocker/handlers/ioboundHandlers.go:288.17,290.4 1 0
GoDocker/handlers/ioboundHandlers.go:291.3,291.37 1 0
GoDocker/handlers/ioboundHandlers.go:291.37,293.4 1 0
GoDocker/handlers/ioboundHandlers.go:294.3,295.17 2 0
GoDocker/handlers/ioboundHandlers.go:295.17,298.4 2 0
GoDocker/handlers/ioboundHandlers.go:299.3,299.49 1 0
GoDocker/handlers/ioboundHandlers.go:299.49,302.4 2 0
GoDocker/handlers/ioboundHandlers.go:303.3,304.36 2 0
GoDocker/handlers/ioboundHandlers.go:304.36,306.4 1 0
GoDocker/handlers/ioboundHandlers.go:307.3,310.149 4 0
GoDocker/handlers/ioboundHandlers.go:312.2,312.176 1 1
GoDocker/handlers/ioboundHandlers.go:316.68,319.34 3 1
GoDocker/handlers/ioboundHandlers.go:319.34,321.3 1 1
GoDocker/handlers/ioboundHandlers.go:322.2,322.22 1 1
GoDocker/handlers/ioboundHandlers.go:322.22,324.3 1 1
GoDocker/handlers/ioboundHandlers.go:325.2,327.16 3 1
GoDocker/handlers/ioboundHandlers.go:327.16,329.3 1 1
GoDocker/handlers/ioboundHandlers.go:330.2,332.41 3 1
GoDocker/handlers/ioboundHandlers.go:332.41,334.3 1 0
GoDocker/handlers/ioboundHandlers.go:335.2,338.148 4 1
GoDocker/handlers/jobHandlers.go:10.65,11.60 1 1
GoDocker/handlers/jobHandlers.go:11.60,13.17 2 1
GoDocker/handlers/jobHandlers.go:13.17,20.4 1 1
GoDocker/handlers/jobHandlers.go:23.3,24.44 2 1
GoDocker/handlers/jobHandlers.go:24.44,25.19 1 0
GoDocker/handlers/jobHandlers.go:26.15,27.34 1 0
GoDocker/handlers/jobHandlers.go:28.16,29.35 1 0
GoDocker/handlers/jobHandlers.go:34.3,35.32 2 1
GoDocker/handlers/jobHandlers.go:35.32,36.34 1 1
GoDocker/handlers/jobHandlers.go:36.34,38.5 1 1
GoDocker/handlers/jobHandlers.go:42.3,43.17 2 1
GoDocker/handlers/jobHandlers.go:43.17,44.35 1 0
GoDocker/handlers/jobHandlers.go:44.35,55.5 2 0
GoDocker/handlers/jobHandlers.go:57.4,62.5 1 0
GoDocker/handlers/jobHandlers.go:65.3,77.4 3 1
GoDocker/handlers/jobHandlers.go:82.65,83.60 1 1
GoDocker/handlers/jobHandlers.go:83.60,85.18 2 1
GoDocker/handlers/jobHandlers.go:85.18,92.4 1 1
GoDocker/handlers/jobHandlers.go:94.3,95.17 2 1
GoDocker/handlers/jobHandlers.go:95.17,102.4 1 1
GoDocker/handlers/jobHandlers.go:104.3,114.35 3 1
GoDocker/handlers/jobHandlers.go:114.35,116.4 1 0
GoDocker/handlers/jobHandlers.go:118.3,125.4 2 1
GoDocker/handlers/jobHandlers.go:130.65,131.60 1 1
GoDocker/handlers/jobHandlers.go:131.60,133.18 2 1
GoDocker/handlers/jobHandlers.go:133.18,140.4 1 1
GoDocker/handlers/jobHandlers.go:142.3,143.17 2 1
GoDocker/handlers/jobHandlers.go:143.17,150.4 1 1
GoDocker/handlers/jobHandlers.go:152.3,155.35 2 0
GoDocker/handlers/jobHandlers.go:155.35,161.36 2 0
GoDocker/handlers/jobHandlers.go:161.36,163.5 1 0
GoDocker/handlers/jobHandlers.go:165.4,172.5 2 0
GoDocker/handlers/jobHandlers.go:176.3,183.4 2 0
GoDocker/handlers/jobHandlers.go:188.65,189.60 1 1
GoDocker/handlers/jobHandlers.go:189.60,191.18 2 1
GoDocker/handlers/jobHandlers.go:191.18,198.4 1 1
GoDocker/handlers/jobHandlers.go:200.3,201.17 2 1
GoDocker/handlers/jobHandlers.go:201.17,208.4 1 1
GoDocker/handlers/jobHandlers.go:210.3,211.16 2 0
GoDocker/handlers/jobHandlers.go:211.16,213.4 1 0
GoDocker/handlers/jobHandlers.go:215.3,227.4 3 0
GoDocker/handlers/taskExecutor.go:16.68,18.2 1 1
GoDocker/handlers/taskExecutor.go:21.130,32.14 3 1
GoDocker/handlers/taskExecutor.go:34.17,35.29 1 1
GoDocker/handlers/taskExecutor.go:36.16,37.28 1 0
GoDocker/handlers/taskExecutor.go:38.12,39.24 1 0
GoDocker/handlers/taskExecutor.go:40.20,41.32 1 0
GoDocker/handlers/taskExecutor.go:42.19,43.31 1 0
GoDocker/handlers/taskExecutor.go:44.19,45.31 1 0
GoDocker/handlers/taskExecutor.go:48.18,49.30 1 0
GoDocker/handlers/taskExecutor.go:50.19,51.31 1 0
GoDocker/handlers/taskExecutor.go:52.14,53.26 1 0
GoDocker/handlers/taskExecutor.go:54.18,55.30 1 0
GoDocker/handlers/taskExecutor.go:56.18,57.30 1 0
GoDocker/handlers/taskExecutor.go:59.10,60.51 1 1
GoDocker/handlers/taskExecutor.go:64.2,64.9 1 1
GoDocker/handlers/taskExecutor.go:65.20,66.24 1 0
GoDocker/handlers/taskExecutor.go:67.10,67.10 0 1
GoDocker/handlers/taskExecutor.go:71.2,71.28 1 1
GoDocker/handlers/taskExecutor.go:71.28,73.3 1 0
GoDocker/handlers/taskExecutor.go:75.2,81.53 2 1
GoDocker/handlers/taskExecutor.go:81.53,82.62 1 0
GoDocker/handlers/taskExecutor.go:82.62,84.4 1 0
GoDocker/handlers/taskExecutor.go:87.2,87.20 1 1
